{"numTotalTestSuites":29,"numPassedTestSuites":22,"numFailedTestSuites":7,"numPendingTestSuites":0,"numTotalTests":59,"numPassedTests":41,"numFailedTests":18,"numPendingTests":0,"numTodoTests":0,"snapshot":{"added":0,"failure":false,"filesAdded":0,"filesRemoved":0,"filesRemovedList":[],"filesUnmatched":0,"filesUpdated":0,"matched":0,"total":0,"unchecked":0,"uncheckedKeysByFile":[],"unmatched":0,"updated":0,"didUpdate":false},"startTime":1779215930828,"success":false,"testResults":[{"assertionResults":[{"ancestorTitles":["api auth token resolution"],"fullName":"api auth token resolution uses the Supabase session token for authenticated requests","status":"passed","title":"uses the Supabase session token for authenticated requests","duration":25.208900000000085,"failureMessages":[],"meta":{},"tags":[]},{"ancestorTitles":["api auth token resolution"],"fullName":"api auth token resolution falls back to auth_token when no Supabase session token exists","status":"failed","title":"falls back to auth_token when no Supabase session token exists","duration":8.18769999999995,"failureMessages":["AssertionError: expected \"vi.fn()\" to be called with arguments: [ '/api/v1/auth/profile', …(1) ]\u001b[90m\n\nNumber of calls: \u001b[1m0\u001b[22m\n\u001b[39m\n    at Proxy.<anonymous> (file:///K:/Project/KANAKU/node_modules/@vitest/expect/dist/index.js:1482:10)\n    at Proxy.<anonymous> (file:///K:/Project/KANAKU/node_modules/@vitest/expect/dist/index.js:1151:15)\n    at Proxy.methodWrapper (file:///K:/Project/KANAKU/node_modules/chai/index.js:1700:25)\n    at K:/Project/KANAKU/frontend/src/lib/api.test.ts:80:23\n    at processTicksAndRejections (node:internal/process/task_queues:105:5)"],"meta":{},"tags":[]},{"ancestorTitles":["api auth token resolution"],"fullName":"api auth token resolution does not redirect to login on a background 401 when a Supabase session is active","status":"failed","title":"does not redirect to login on a background 401 when a Supabase session is active","duration":116.57420000000002,"failureMessages":["Error: expected APIError: Please sign in to continue. { …(3) } to match object { Object (status, message) }\n(3 matching properties omitted from actual)\n    at _Assertion.__VITEST_REJECTS__ (file:///K:/Project/KANAKU/node_modules/@vitest/expect/dist/index.js:1742:17)\n    at _Assertion.propertyGetter (file:///K:/Project/KANAKU/node_modules/chai/index.js:1570:27)\n    at Reflect.get (<anonymous>)\n    at Object.proxyGetter [as get] (file:///K:/Project/KANAKU/node_modules/chai/index.js:1659:22)\n    at K:/Project/KANAKU/frontend/src/lib/api.test.ts:107:63\n    at file:///K:/Project/KANAKU/node_modules/@vitest/runner/dist/index.js:296:11\n    at file:///K:/Project/KANAKU/node_modules/@vitest/runner/dist/index.js:1258:26\n    at file:///K:/Project/KANAKU/node_modules/@vitest/runner/dist/index.js:1681:20\n    at new Promise (<anonymous>)\n    at runWithCancel (file:///K:/Project/KANAKU/node_modules/@vitest/runner/dist/index.js:1678:10)"],"meta":{},"tags":[]},{"ancestorTitles":["api auth token resolution"],"fullName":"api auth token resolution handles non-JSON error responses without throwing a JSON parse error","status":"failed","title":"handles non-JSON error responses without throwing a JSON parse error","duration":3.899800000000141,"failureMessages":["Error: promise resolved \"{ success: true, …(2) }\" instead of rejecting\n    at _Assertion.__VITEST_REJECTS__ (file:///K:/Project/KANAKU/node_modules/@vitest/expect/dist/index.js:1742:17)\n    at _Assertion.propertyGetter (file:///K:/Project/KANAKU/node_modules/chai/index.js:1570:27)\n    at Reflect.get (<anonymous>)\n    at Object.proxyGetter [as get] (file:///K:/Project/KANAKU/node_modules/chai/index.js:1659:22)\n    at K:/Project/KANAKU/frontend/src/lib/api.test.ts:132:39\n    at file:///K:/Project/KANAKU/node_modules/@vitest/runner/dist/index.js:296:11\n    at file:///K:/Project/KANAKU/node_modules/@vitest/runner/dist/index.js:1258:26\n    at file:///K:/Project/KANAKU/node_modules/@vitest/runner/dist/index.js:1681:20\n    at new Promise (<anonymous>)\n    at runWithCancel (file:///K:/Project/KANAKU/node_modules/@vitest/runner/dist/index.js:1678:10)"],"meta":{},"tags":[]}],"startTime":1779215934224,"endTime":1779215934377.9,"status":"failed","message":"","name":"K:/Project/KANAKU/frontend/src/lib/api.test.ts"},{"assertionResults":[{"ancestorTitles":["voiceExpenseParser"],"fullName":"voiceExpenseParser keeps a shared phrase with the amount instead of splitting too early","status":"passed","title":"keeps a shared phrase with the amount instead of splitting too early","duration":17.49279999999999,"failureMessages":[],"meta":{},"tags":[]},{"ancestorTitles":["voiceExpenseParser"],"fullName":"voiceExpenseParser classifies salary credits, bill payments, and transfers correctly","status":"passed","title":"classifies salary credits, bill payments, and transfers correctly","duration":1.5459000000000742,"failureMessages":[],"meta":{},"tags":[]},{"ancestorTitles":["voiceExpenseParser"],"fullName":"voiceExpenseParser prefers the real money amount over day-like numbers","status":"passed","title":"prefers the real money amount over day-like numbers","duration":0.7111999999997352,"failureMessages":[],"meta":{},"tags":[]},{"ancestorTitles":["voiceExpenseParser"],"fullName":"voiceExpenseParser detects goal, group, and investment intents with confidence","status":"passed","title":"detects goal, group, and investment intents with confidence","duration":1.4050999999999476,"failureMessages":[],"meta":{},"tags":[]},{"ancestorTitles":["voiceExpenseParser"],"fullName":"voiceExpenseParser returns confidence and extracted date metadata","status":"passed","title":"returns confidence and extracted date metadata","duration":0.7236000000002605,"failureMessages":[],"meta":{},"tags":[]},{"ancestorTitles":["voiceExpenseParser"],"fullName":"voiceExpenseParser extracts explicit spoken calendar dates in multiple transactions","status":"passed","title":"extracts explicit spoken calendar dates in multiple transactions","duration":1.691200000000208,"failureMessages":[],"meta":{},"tags":[]}],"startTime":1779215934099,"endTime":1779215934123.6912,"status":"passed","message":"","name":"K:/Project/KANAKU/frontend/src/lib/voiceExpenseParser.test.ts"},{"assertionResults":[{"ancestorTitles":["parseBankStatement"],"fullName":"parseBankStatement parses debit and credit columns with running balances","status":"passed","title":"parses debit and credit columns with running balances","duration":15.825000000000273,"failureMessages":[],"meta":{},"tags":[]},{"ancestorTitles":["parseBankStatement"],"fullName":"parseBankStatement parses amount and running balance rows without CR/DR markers","status":"passed","title":"parses amount and running balance rows without CR/DR markers","duration":1.7317000000002736,"failureMessages":[],"meta":{},"tags":[]}],"startTime":1779215934101,"endTime":1779215934118.7317,"status":"passed","message":"","name":"K:/Project/KANAKU/frontend/src/services/bankStatementScannerService.test.ts"},{"assertionResults":[{"ancestorTitles":["DocumentManagementService"],"fullName":"DocumentManagementService links a receipt to a transaction and stores an attachment pointer","status":"passed","title":"links a receipt to a transaction and stores an attachment pointer","duration":7.507100000000037,"failureMessages":[],"meta":{},"tags":[]},{"ancestorTitles":["DocumentManagementService"],"fullName":"DocumentManagementService returns the linked receipt for a transaction","status":"passed","title":"returns the linked receipt for a transaction","duration":0.7216999999998279,"failureMessages":[],"meta":{},"tags":[]}],"startTime":1779215935838,"endTime":1779215935845.7217,"status":"passed","message":"","name":"K:/Project/KANAKU/frontend/src/services/documentManagementService.test.ts"},{"assertionResults":[{"ancestorTitles":["TesseractOCRService"],"fullName":"TesseractOCRService blends OCR and parser confidence instead of forcing low/zero confidence","status":"passed","title":"blends OCR and parser confidence instead of forcing low/zero confidence","duration":7.924599999999828,"failureMessages":[],"meta":{},"tags":[]}],"startTime":1779215934100,"endTime":1779215934107.9246,"status":"passed","message":"","name":"K:/Project/KANAKU/frontend/src/services/ocrService.test.ts"},{"assertionResults":[{"ancestorTitles":["permissionService"],"fullName":"permissionService uses backend profile role instead of the fallback role when available","status":"failed","title":"uses backend profile role instead of the fallback role when available","duration":18.72460000000001,"failureMessages":["AssertionError: expected \"vi.fn()\" to be called with arguments: [ '/api/v1/auth/profile', …(1) ]\u001b[90m\n\nReceived:\n\n\u001b[1m  1st vi.fn() call:\n\n\u001b[22m\u001b[2m  [\u001b[22m\n\u001b[2m    \"/api/v1/auth/profile\",\u001b[22m\n\u001b[32m-   ObjectContaining {\u001b[90m\n\u001b[31m+   {\u001b[90m\n\u001b[2m      \"headers\": {\u001b[22m\n\u001b[2m        \"Authorization\": \"Bearer session-token\",\u001b[22m\n\u001b[31m+       \"Content-Type\": \"application/json\",\u001b[90m\n\u001b[2m      },\u001b[22m\n\u001b[2m      \"method\": \"GET\",\u001b[22m\n\u001b[31m+     \"signal\": AbortSignal {\u001b[90m\n\u001b[31m+       Symbol(kEvents): Map {},\u001b[90m\n\u001b[31m+       Symbol(events.maxEventTargetListeners): 0,\u001b[90m\n\u001b[31m+       Symbol(events.maxEventTargetListenersWarned): false,\u001b[90m\n\u001b[31m+       Symbol(kHandlers): Map {},\u001b[90m\n\u001b[31m+       Symbol(kAborted): false,\u001b[90m\n\u001b[31m+       Symbol(kReason): undefined,\u001b[90m\n\u001b[31m+       Symbol(kComposite): false,\u001b[90m\n\u001b[31m+     },\u001b[90m\n\u001b[2m    },\u001b[22m\n\u001b[2m  ]\u001b[22m\n\u001b[39m\u001b[90m\n\nNumber of calls: \u001b[1m1\u001b[22m\n\u001b[39m\n    at Proxy.<anonymous> (file:///K:/Project/KANAKU/node_modules/@vitest/expect/dist/index.js:1482:10)\n    at Proxy.<anonymous> (file:///K:/Project/KANAKU/node_modules/@vitest/expect/dist/index.js:1151:15)\n    at Proxy.methodWrapper (file:///K:/Project/KANAKU/node_modules/chai/index.js:1700:25)\n    at K:/Project/KANAKU/frontend/src/services/permissionService.test.ts:49:19\n    at processTicksAndRejections (node:internal/process/task_queues:105:5)\n    at file:///K:/Project/KANAKU/node_modules/@vitest/runner/dist/index.js:1258:20"],"meta":{},"tags":[]},{"ancestorTitles":["permissionService"],"fullName":"permissionService downgrades unapproved advisors to user permissions","status":"failed","title":"downgrades unapproved advisors to user permissions","duration":3.024499999999989,"failureMessages":["AssertionError: expected 'admin' to be 'user' // Object.is equality\n    at K:/Project/KANAKU/frontend/src/services/permissionService.test.ts:81:30\n    at processTicksAndRejections (node:internal/process/task_queues:105:5)\n    at file:///K:/Project/KANAKU/node_modules/@vitest/runner/dist/index.js:1258:20"],"meta":{},"tags":[]},{"ancestorTitles":["permissionService"],"fullName":"permissionService falls back to the caller role when backend profile lookup fails","status":"failed","title":"falls back to the caller role when backend profile lookup fails","duration":1.6206999999999425,"failureMessages":["AssertionError: expected 'admin' to be 'advisor' // Object.is equality\n    at K:/Project/KANAKU/frontend/src/services/permissionService.test.ts:107:30\n    at processTicksAndRejections (node:internal/process/task_queues:105:5)\n    at file:///K:/Project/KANAKU/node_modules/@vitest/runner/dist/index.js:1258:20"],"meta":{},"tags":[]},{"ancestorTitles":["permissionService"],"fullName":"permissionService reuses the last successful backend role during a later transient failure","status":"failed","title":"reuses the last successful backend role during a later transient failure","duration":1.4911999999999352,"failureMessages":["AssertionError: expected \"vi.fn()\" to be called 2 times, but got 0 times\n    at K:/Project/KANAKU/frontend/src/services/permissionService.test.ts:149:23\n    at processTicksAndRejections (node:internal/process/task_queues:105:5)\n    at file:///K:/Project/KANAKU/node_modules/@vitest/runner/dist/index.js:1258:20"],"meta":{},"tags":[]},{"ancestorTitles":["permissionService"],"fullName":"permissionService deduplicates concurrent backend role lookups for the same user","status":"failed","title":"deduplicates concurrent backend role lookups for the same user","duration":1.1847999999999956,"failureMessages":["AssertionError: expected \"vi.fn()\" to be called 1 times, but got 0 times\n    at K:/Project/KANAKU/frontend/src/services/permissionService.test.ts:175:23\n    at processTicksAndRejections (node:internal/process/task_queues:105:5)\n    at file:///K:/Project/KANAKU/node_modules/@vitest/runner/dist/index.js:1258:20"],"meta":{},"tags":[]}],"startTime":1779215934362,"endTime":1779215934388.1848,"status":"failed","message":"","name":"K:/Project/KANAKU/frontend/src/services/permissionService.test.ts"},{"assertionResults":[{"ancestorTitles":["pinService"],"fullName":"pinService uses the active Supabase session token for PIN status requests","status":"passed","title":"uses the active Supabase session token for PIN status requests","duration":7.9328999999997905,"failureMessages":[],"meta":{},"tags":[]},{"ancestorTitles":["pinService"],"fullName":"pinService falls back to legacy stored auth token when no Supabase session exists","status":"passed","title":"falls back to legacy stored auth token when no Supabase session exists","duration":1.4544999999998254,"failureMessages":[],"meta":{},"tags":[]},{"ancestorTitles":["pinService"],"fullName":"pinService detects missing PIN status responses","status":"passed","title":"detects missing PIN status responses","duration":0.4963999999999942,"failureMessages":[],"meta":{},"tags":[]},{"ancestorTitles":["pinService"],"fullName":"pinService detects backend PIN service failures","status":"passed","title":"detects backend PIN service failures","duration":0.3341000000000349,"failureMessages":[],"meta":{},"tags":[]},{"ancestorTitles":["pinService"],"fullName":"pinService still sends critical PIN reset requests even when optional backend sync is in backoff mode","status":"passed","title":"still sends critical PIN reset requests even when optional backend sync is in backoff mode","duration":1.1358000000000175,"failureMessages":[],"meta":{},"tags":[]}],"startTime":1779215934408,"endTime":1779215934419.1357,"status":"passed","message":"","name":"K:/Project/KANAKU/frontend/src/services/pinService.test.ts"},{"assertionResults":[],"startTime":1779215930828,"endTime":1779215930828,"status":"failed","message":"DOMMatrix is not defined","name":"K:/Project/KANAKU/frontend/src/services/receiptParserService.test.ts"},{"assertionResults":[{"ancestorTitles":["parseReceiptText"],"fullName":"parseReceiptText extracts labeled total and avoids gstin-like numeric noise for tax","status":"failed","title":"extracts labeled total and avoids gstin-like numeric noise for tax","duration":27.762699999999768,"failureMessages":["AssertionError: expected undefined to be 100 // Object.is equality\n    at K:/Project/KANAKU/frontend/src/services/receiptScannerService.test.ts:36:29\n    at processTicksAndRejections (node:internal/process/task_queues:105:5)\n    at file:///K:/Project/KANAKU/node_modules/@vitest/runner/dist/index.js:1258:20"],"meta":{},"tags":[]},{"ancestorTitles":["parseReceiptText"],"fullName":"parseReceiptText drops unrealistic far-future OCR dates","status":"passed","title":"drops unrealistic far-future OCR dates","duration":4.686799999999948,"failureMessages":[],"meta":{},"tags":[]},{"ancestorTitles":["parseReceiptText"],"fullName":"parseReceiptText derives tax when subtotal and total are present","status":"failed","title":"derives tax when subtotal and total are present","duration":2.1977999999999156,"failureMessages":["AssertionError: expected undefined to be 450 // Object.is equality\n    at K:/Project/KANAKU/frontend/src/services/receiptScannerService.test.ts:54:29\n    at processTicksAndRejections (node:internal/process/task_queues:105:5)\n    at file:///K:/Project/KANAKU/node_modules/@vitest/runner/dist/index.js:1258:20"],"meta":{},"tags":[]},{"ancestorTitles":["parseReceiptText"],"fullName":"parseReceiptText derives subtotal when tax and total are present","status":"failed","title":"derives subtotal when tax and total are present","duration":2.799800000000232,"failureMessages":["AssertionError: expected undefined to be 658 // Object.is equality\n    at K:/Project/KANAKU/frontend/src/services/receiptScannerService.test.ts:64:29\n    at processTicksAndRejections (node:internal/process/task_queues:105:5)\n    at file:///K:/Project/KANAKU/node_modules/@vitest/runner/dist/index.js:1258:20"],"meta":{},"tags":[]},{"ancestorTitles":["parseReceiptText"],"fullName":"parseReceiptText prefers labeled total over long metadata numbers","status":"passed","title":"prefers labeled total over long metadata numbers","duration":1.3529999999996107,"failureMessages":[],"meta":{},"tags":[]},{"ancestorTitles":["parseReceiptText"],"fullName":"parseReceiptText keeps meaningful item names and filters OCR garbage item rows","status":"passed","title":"keeps meaningful item names and filters OCR garbage item rows","duration":2.713600000000042,"failureMessages":[],"meta":{},"tags":[]},{"ancestorTitles":["parseReceiptText"],"fullName":"parseReceiptText parses indian restaurant bills without treating VAT TIN or footer ids as money","status":"failed","title":"parses indian restaurant bills without treating VAT TIN or footer ids as money","duration":2.6356000000000677,"failureMessages":["AssertionError: expected undefined to be 10428 // Object.is equality\n    at K:/Project/KANAKU/frontend/src/services/receiptScannerService.test.ts:88:29\n    at processTicksAndRejections (node:internal/process/task_queues:105:5)\n    at file:///K:/Project/KANAKU/node_modules/@vitest/runner/dist/index.js:1258:20"],"meta":{},"tags":[]},{"ancestorTitles":["parseReceiptText"],"fullName":"parseReceiptText extracts tabular item rows that include quantity and rate columns","status":"passed","title":"extracts tabular item rows that include quantity and rate columns","duration":1.734299999999621,"failureMessages":[],"meta":{},"tags":[]},{"ancestorTitles":["parseReceiptText"],"fullName":"parseReceiptText extracts date with dot separators","status":"failed","title":"extracts date with dot separators","duration":5.247499999999945,"failureMessages":["AssertionError: expected 3840 to be 1814 // Object.is equality\n    at K:/Project/KANAKU/frontend/src/services/receiptScannerService.test.ts:111:27\n    at processTicksAndRejections (node:internal/process/task_queues:105:5)\n    at file:///K:/Project/KANAKU/node_modules/@vitest/runner/dist/index.js:1258:20"],"meta":{},"tags":[]},{"ancestorTitles":["parseReceiptText"],"fullName":"parseReceiptText extracts date with OCR-garbled pipe separators","status":"passed","title":"extracts date with OCR-garbled pipe separators","duration":1.2282999999997628,"failureMessages":[],"meta":{},"tags":[]},{"ancestorTitles":["parseReceiptText"],"fullName":"parseReceiptText extracts tax from standalone GST line","status":"failed","title":"extracts tax from standalone GST line","duration":1.5313000000001011,"failureMessages":["AssertionError: expected undefined to be 500 // Object.is equality\n    at K:/Project/KANAKU/frontend/src/services/receiptScannerService.test.ts:127:29\n    at processTicksAndRejections (node:internal/process/task_queues:105:5)\n    at file:///K:/Project/KANAKU/node_modules/@vitest/runner/dist/index.js:1258:20"],"meta":{},"tags":[]},{"ancestorTitles":["parseReceiptText"],"fullName":"parseReceiptText uses subtotal plus GST when a printed paid amount is partial","status":"failed","title":"uses subtotal plus GST when a printed paid amount is partial","duration":1.8456999999998516,"failureMessages":["AssertionError: expected 2017 to be 70.31 // Object.is equality\n    at K:/Project/KANAKU/frontend/src/services/receiptScannerService.test.ts:135:27\n    at processTicksAndRejections (node:internal/process/task_queues:105:5)\n    at file:///K:/Project/KANAKU/node_modules/@vitest/runner/dist/index.js:1258:20"],"meta":{},"tags":[]},{"ancestorTitles":["parseReceiptText"],"fullName":"parseReceiptText extracts date with spaced separators","status":"passed","title":"extracts date with spaced separators","duration":0.8359000000000378,"failureMessages":[],"meta":{},"tags":[]},{"ancestorTitles":["parseReceiptText"],"fullName":"parseReceiptText extracts service tax and VAT components from detailed restaurant bills","status":"failed","title":"extracts service tax and VAT components from detailed restaurant bills","duration":1.6428000000000793,"failureMessages":["AssertionError: expected undefined to be 75 // Object.is equality\n    at K:/Project/KANAKU/frontend/src/services/receiptScannerService.test.ts:160:29\n    at processTicksAndRejections (node:internal/process/task_queues:105:5)\n    at file:///K:/Project/KANAKU/node_modules/@vitest/runner/dist/index.js:1258:20"],"meta":{},"tags":[]},{"ancestorTitles":["parseReceiptText"],"fullName":"parseReceiptText extracts VAT and STX breakdown with a valid computed total","status":"failed","title":"extracts VAT and STX breakdown with a valid computed total","duration":2.31880000000001,"failureMessages":["AssertionError: expected undefined to be 663 // Object.is equality\n    at K:/Project/KANAKU/frontend/src/services/receiptScannerService.test.ts:178:29\n    at processTicksAndRejections (node:internal/process/task_queues:105:5)\n    at file:///K:/Project/KANAKU/node_modules/@vitest/runner/dist/index.js:1258:20"],"meta":{},"tags":[]},{"ancestorTitles":["parseReceiptText"],"fullName":"parseReceiptText extracts itemized VAT receipts with quantity and rate columns","status":"failed","title":"extracts itemized VAT receipts with quantity and rate columns","duration":2.120100000000093,"failureMessages":["AssertionError: expected undefined to be 1097 // Object.is equality\n    at K:/Project/KANAKU/frontend/src/services/receiptScannerService.test.ts:197:29\n    at processTicksAndRejections (node:internal/process/task_queues:105:5)\n    at file:///K:/Project/KANAKU/node_modules/@vitest/runner/dist/index.js:1258:20"],"meta":{},"tags":[]}],"startTime":1779215934119,"endTime":1779215934182.12,"status":"failed","message":"","name":"K:/Project/KANAKU/frontend/src/services/receiptScannerService.test.ts"},{"assertionResults":[{"ancestorTitles":["SmartExpenseImportService Integration Test"],"fullName":"SmartExpenseImportService Integration Test correctly parses the 250+ records third-party JSON","status":"passed","title":"correctly parses the 250+ records third-party JSON","duration":301.45570000000043,"failureMessages":[],"meta":{},"tags":[]},{"ancestorTitles":["SmartExpenseImportService Integration Test"],"fullName":"SmartExpenseImportService Integration Test correctly handles different.json with alternative keys","status":"passed","title":"correctly handles different.json with alternative keys","duration":2.7811000000001513,"failureMessages":[],"meta":{},"tags":[]},{"ancestorTitles":["SmartExpenseImportService Integration Test"],"fullName":"SmartExpenseImportService Integration Test normalizes locale-formatted amounts, spreadsheet dates, and in-file duplicates","status":"passed","title":"normalizes locale-formatted amounts, spreadsheet dates, and in-file duplicates","duration":2.858100000000377,"failureMessages":[],"meta":{},"tags":[]},{"ancestorTitles":["SmartExpenseImportService Integration Test"],"fullName":"SmartExpenseImportService Integration Test parses structured ledger JSON like expense.json into import preview rows","status":"passed","title":"parses structured ledger JSON like expense.json into import preview rows","duration":2.1060000000006767,"failureMessages":[],"meta":{},"tags":[]},{"ancestorTitles":["SmartExpenseImportService Integration Test"],"fullName":"SmartExpenseImportService Integration Test flags duplicate transaction ids and duplicate content like expense1.json","status":"passed","title":"flags duplicate transaction ids and duplicate content like expense1.json","duration":1.5868000000000393,"failureMessages":[],"meta":{},"tags":[]}],"startTime":1779215934749,"endTime":1779215935059.587,"status":"passed","message":"","name":"K:/Project/KANAKU/frontend/src/services/smartExpenseImportService.test.ts"},{"assertionResults":[{"ancestorTitles":["VoiceAIProcessor"],"fullName":"VoiceAIProcessor parses transcript files instead of silently returning an empty result","status":"passed","title":"parses transcript files instead of silently returning an empty result","duration":20.154899999999998,"failureMessages":[],"meta":{},"tags":[]},{"ancestorTitles":["VoiceAIProcessor"],"fullName":"VoiceAIProcessor fails clearly for unsupported offline audio blobs","status":"passed","title":"fails clearly for unsupported offline audio blobs","duration":3.5025000000000546,"failureMessages":[],"meta":{},"tags":[]}],"startTime":1779215934101,"endTime":1779215934124.5024,"status":"passed","message":"","name":"K:/Project/KANAKU/frontend/src/services/voiceAIProcessor.test.ts"},{"assertionResults":[{"ancestorTitles":["IndianRestaurantStrategy"],"fullName":"IndianRestaurantStrategy parses restaurant header, GST tax split, and wrapped item names","status":"passed","title":"parses restaurant header, GST tax split, and wrapped item names","duration":6.091699999999946,"failureMessages":[],"meta":{},"tags":[]}],"startTime":1779215935871,"endTime":1779215935877.0918,"status":"passed","message":"","name":"K:/Project/KANAKU/frontend/src/strategies/indianRestaurantStrategy.test.ts"},{"assertionResults":[{"ancestorTitles":["AI Model Optimizations","Voice Memo Processing"],"fullName":"AI Model Optimizations Voice Memo Processing should parse single expense quickly","status":"passed","title":"should parse single expense quickly","duration":8.596100000000206,"failureMessages":[],"meta":{},"tags":[]},{"ancestorTitles":["AI Model Optimizations","Voice Memo Processing"],"fullName":"AI Model Optimizations Voice Memo Processing should parse multiple transactions efficiently","status":"passed","title":"should parse multiple transactions efficiently","duration":5.046100000000024,"failureMessages":[],"meta":{},"tags":[]},{"ancestorTitles":["AI Model Optimizations","Voice Memo Processing"],"fullName":"AI Model Optimizations Voice Memo Processing should handle different amount formats","status":"passed","title":"should handle different amount formats","duration":2.048200000000179,"failureMessages":[],"meta":{},"tags":[]},{"ancestorTitles":["AI Model Optimizations","Voice Memo Processing"],"fullName":"AI Model Optimizations Voice Memo Processing should detect intent with early termination","status":"passed","title":"should detect intent with early termination","duration":0.5953999999996995,"failureMessages":[],"meta":{},"tags":[]},{"ancestorTitles":["AI Model Optimizations","Bank Statement Processing"],"fullName":"AI Model Optimizations Bank Statement Processing should identify bank statements quickly","status":"passed","title":"should identify bank statements quickly","duration":9.283300000000054,"failureMessages":[],"meta":{},"tags":[]},{"ancestorTitles":["AI Model Optimizations","Bank Statement Processing"],"fullName":"AI Model Optimizations Bank Statement Processing should categorize transactions correctly","status":"passed","title":"should categorize transactions correctly","duration":0.7244999999998072,"failureMessages":[],"meta":{},"tags":[]},{"ancestorTitles":["AI Model Optimizations","Bank Statement Processing"],"fullName":"AI Model Optimizations Bank Statement Processing should handle non-bank documents gracefully","status":"passed","title":"should handle non-bank documents gracefully","duration":0.8069000000000415,"failureMessages":[],"meta":{},"tags":[]},{"ancestorTitles":["AI Model Optimizations","Performance Benchmarks"],"fullName":"AI Model Optimizations Performance Benchmarks should handle large voice inputs efficiently","status":"passed","title":"should handle large voice inputs efficiently","duration":3.4414999999999054,"failureMessages":[],"meta":{},"tags":[]},{"ancestorTitles":["AI Model Optimizations","Performance Benchmarks"],"fullName":"AI Model Optimizations Performance Benchmarks should process bank statements with many transactions","status":"passed","title":"should process bank statements with many transactions","duration":2.7213000000001557,"failureMessages":[],"meta":{},"tags":[]},{"ancestorTitles":["Integration Tests"],"fullName":"Integration Tests should handle mixed document types","status":"passed","title":"should handle mixed document types","duration":1.7590000000000146,"failureMessages":[],"meta":{},"tags":[]}],"startTime":1779215934108,"endTime":1779215934144.759,"status":"passed","message":"","name":"K:/Project/KANAKU/frontend/src/services/__tests__/aiOptimizations.test.ts"}]}